lang.y: warning: 87 shift/reduce conflicts [-Wconflicts-sr]
lang.y: warning: shift/reduce conflict on token TOK_CROSS [-Wcounterexamples]
  Example: TOK_ADD EXPR . TOK_CROSS EXPR
  Shift derivation
    EXPR
    `-> 5: TOK_ADD EXPR
                   `-> 15: EXPR . TOK_CROSS EXPR
  Reduce derivation
    EXPR
    `-> 15: EXPR                  TOK_CROSS EXPR
            `-> 5: TOK_ADD EXPR .
lang.y: warning: shift/reduce conflict on token TOK_ASSIGN [-Wcounterexamples]
  Example: TOK_ADD EXPR . TOK_ASSIGN EXPR
  Shift derivation
    EXPR
    `-> 5: TOK_ADD EXPR
                   `-> 23: EXPR . TOK_ASSIGN EXPR
  Reduce derivation
    EXPR
    `-> 23: EXPR                  TOK_ASSIGN EXPR
            `-> 5: TOK_ADD EXPR .
lang.y: warning: shift/reduce conflict on token TOK_CROSS [-Wcounterexamples]
  Example: TOK_SUB EXPR . TOK_CROSS EXPR
  Shift derivation
    EXPR
    `-> 6: TOK_SUB EXPR
                   `-> 15: EXPR . TOK_CROSS EXPR
  Reduce derivation
    EXPR
    `-> 15: EXPR                  TOK_CROSS EXPR
            `-> 6: TOK_SUB EXPR .
lang.y: warning: shift/reduce conflict on token TOK_ASSIGN [-Wcounterexamples]
  Example: TOK_SUB EXPR . TOK_ASSIGN EXPR
  Shift derivation
    EXPR
    `-> 6: TOK_SUB EXPR
                   `-> 23: EXPR . TOK_ASSIGN EXPR
  Reduce derivation
    EXPR
    `-> 23: EXPR                  TOK_ASSIGN EXPR
            `-> 6: TOK_SUB EXPR .
lang.y: warning: shift/reduce conflict on token TOK_ADD [-Wcounterexamples]
  Example: TOK_CROSS EXPR . TOK_ADD EXPR
  Shift derivation
    EXPR
    `-> 7: TOK_CROSS EXPR
                     `-> 9: EXPR . TOK_ADD EXPR
  Reduce derivation
    EXPR
    `-> 9: EXPR                    TOK_ADD EXPR
           `-> 7: TOK_CROSS EXPR .
lang.y: warning: shift/reduce conflict on token TOK_SUB [-Wcounterexamples]
  Example: TOK_CROSS EXPR . TOK_SUB EXPR
  Shift derivation
    EXPR
    `-> 7: TOK_CROSS EXPR
                     `-> 10: EXPR . TOK_SUB EXPR
  Reduce derivation
    EXPR
    `-> 10: EXPR                    TOK_SUB EXPR
            `-> 7: TOK_CROSS EXPR .
lang.y: warning: shift/reduce conflict on token TOK_MUL [-Wcounterexamples]
  Example: TOK_CROSS EXPR . TOK_MUL EXPR
  Shift derivation
    EXPR
    `-> 7: TOK_CROSS EXPR
                     `-> 11: EXPR . TOK_MUL EXPR
  Reduce derivation
    EXPR
    `-> 11: EXPR                    TOK_MUL EXPR
            `-> 7: TOK_CROSS EXPR .
lang.y: warning: shift/reduce conflict on token TOK_DIV [-Wcounterexamples]
  Example: TOK_CROSS EXPR . TOK_DIV EXPR
  Shift derivation
    EXPR
    `-> 7: TOK_CROSS EXPR
                     `-> 12: EXPR . TOK_DIV EXPR
  Reduce derivation
    EXPR
    `-> 12: EXPR                    TOK_DIV EXPR
            `-> 7: TOK_CROSS EXPR .
lang.y: warning: shift/reduce conflict on token TOK_MOD [-Wcounterexamples]
  Example: TOK_CROSS EXPR . TOK_MOD EXPR
  Shift derivation
    EXPR
    `-> 7: TOK_CROSS EXPR
                     `-> 13: EXPR . TOK_MOD EXPR
  Reduce derivation
    EXPR
    `-> 13: EXPR                    TOK_MOD EXPR
            `-> 7: TOK_CROSS EXPR .
lang.y: warning: shift/reduce conflict on token TOK_XOR [-Wcounterexamples]
  Example: TOK_CROSS EXPR . TOK_XOR EXPR
  Shift derivation
    EXPR
    `-> 7: TOK_CROSS EXPR
                     `-> 14: EXPR . TOK_XOR EXPR
  Reduce derivation
    EXPR
    `-> 14: EXPR                    TOK_XOR EXPR
            `-> 7: TOK_CROSS EXPR .
lang.y: warning: shift/reduce conflict on token TOK_CROSS [-Wcounterexamples]
  Example: TOK_CROSS EXPR . TOK_CROSS EXPR
  Shift derivation
    EXPR
    `-> 7: TOK_CROSS EXPR
                     `-> 15: EXPR . TOK_CROSS EXPR
  Reduce derivation
    EXPR
    `-> 15: EXPR                    TOK_CROSS EXPR
            `-> 7: TOK_CROSS EXPR .
lang.y: warning: shift/reduce conflict on token TOK_EQ [-Wcounterexamples]
  Example: TOK_CROSS EXPR . TOK_EQ EXPR
  Shift derivation
    EXPR
    `-> 7: TOK_CROSS EXPR
                     `-> 16: EXPR . TOK_EQ EXPR
  Reduce derivation
    EXPR
    `-> 16: EXPR                    TOK_EQ EXPR
            `-> 7: TOK_CROSS EXPR .
lang.y: warning: shift/reduce conflict on token TOK_GEQ [-Wcounterexamples]
  Example: TOK_CROSS EXPR . TOK_GEQ EXPR
  Shift derivation
    EXPR
    `-> 7: TOK_CROSS EXPR
                     `-> 17: EXPR . TOK_GEQ EXPR
  Reduce derivation
    EXPR
    `-> 17: EXPR                    TOK_GEQ EXPR
            `-> 7: TOK_CROSS EXPR .
lang.y: warning: shift/reduce conflict on token TOK_LEQ [-Wcounterexamples]
  Example: TOK_CROSS EXPR . TOK_LEQ EXPR
  Shift derivation
    EXPR
    `-> 7: TOK_CROSS EXPR
                     `-> 18: EXPR . TOK_LEQ EXPR
  Reduce derivation
    EXPR
    `-> 18: EXPR                    TOK_LEQ EXPR
            `-> 7: TOK_CROSS EXPR .
lang.y: warning: shift/reduce conflict on token TOK_GT [-Wcounterexamples]
  Example: TOK_CROSS EXPR . TOK_GT EXPR
  Shift derivation
    EXPR
    `-> 7: TOK_CROSS EXPR
                     `-> 19: EXPR . TOK_GT EXPR
  Reduce derivation
    EXPR
    `-> 19: EXPR                    TOK_GT EXPR
            `-> 7: TOK_CROSS EXPR .
lang.y: warning: shift/reduce conflict on token TOK_LT [-Wcounterexamples]
  Example: TOK_CROSS EXPR . TOK_LT EXPR
  Shift derivation
    EXPR
    `-> 7: TOK_CROSS EXPR
                     `-> 20: EXPR . TOK_LT EXPR
  Reduce derivation
    EXPR
    `-> 20: EXPR                    TOK_LT EXPR
            `-> 7: TOK_CROSS EXPR .
lang.y: warning: shift/reduce conflict on token TOK_NEQ [-Wcounterexamples]
  Example: TOK_CROSS EXPR . TOK_NEQ EXPR
  Shift derivation
    EXPR
    `-> 7: TOK_CROSS EXPR
                     `-> 21: EXPR . TOK_NEQ EXPR
  Reduce derivation
    EXPR
    `-> 21: EXPR                    TOK_NEQ EXPR
            `-> 7: TOK_CROSS EXPR .
lang.y: warning: shift/reduce conflict on token TOK_2DOT [-Wcounterexamples]
  Example: TOK_CROSS EXPR . TOK_2DOT EXPR
  Shift derivation
    EXPR
    `-> 7: TOK_CROSS EXPR
                     `-> 22: EXPR . TOK_2DOT EXPR
  Reduce derivation
    EXPR
    `-> 22: EXPR                    TOK_2DOT EXPR
            `-> 7: TOK_CROSS EXPR .
lang.y: warning: shift/reduce conflict on token TOK_ASSIGN [-Wcounterexamples]
  Example: TOK_CROSS EXPR . TOK_ASSIGN EXPR
  Shift derivation
    EXPR
    `-> 7: TOK_CROSS EXPR
                     `-> 23: EXPR . TOK_ASSIGN EXPR
  Reduce derivation
    EXPR
    `-> 23: EXPR                    TOK_ASSIGN EXPR
            `-> 7: TOK_CROSS EXPR .
lang.y: warning: shift/reduce conflict on token TOK_OR [-Wcounterexamples]
  Example: TOK_CROSS EXPR . TOK_OR EXPR
  Shift derivation
    EXPR
    `-> 7: TOK_CROSS EXPR
                     `-> 24: EXPR . TOK_OR EXPR
  Reduce derivation
    EXPR
    `-> 24: EXPR                    TOK_OR EXPR
            `-> 7: TOK_CROSS EXPR .
lang.y: warning: shift/reduce conflict on token TOK_AND [-Wcounterexamples]
  Example: TOK_CROSS EXPR . TOK_AND EXPR
  Shift derivation
    EXPR
    `-> 7: TOK_CROSS EXPR
                     `-> 25: EXPR . TOK_AND EXPR
  Reduce derivation
    EXPR
    `-> 25: EXPR                    TOK_AND EXPR
            `-> 7: TOK_CROSS EXPR .
lang.y: warning: shift/reduce conflict on token TOK_CROSS [-Wcounterexamples]
  Example: TOK_NOT EXPR . TOK_CROSS EXPR
  Shift derivation
    EXPR
    `-> 8: TOK_NOT EXPR
                   `-> 15: EXPR . TOK_CROSS EXPR
  Reduce derivation
    EXPR
    `-> 15: EXPR                  TOK_CROSS EXPR
            `-> 8: TOK_NOT EXPR .
lang.y: warning: shift/reduce conflict on token TOK_ASSIGN [-Wcounterexamples]
  Example: TOK_NOT EXPR . TOK_ASSIGN EXPR
  Shift derivation
    EXPR
    `-> 8: TOK_NOT EXPR
                   `-> 23: EXPR . TOK_ASSIGN EXPR
  Reduce derivation
    EXPR
    `-> 23: EXPR                  TOK_ASSIGN EXPR
            `-> 8: TOK_NOT EXPR .
lang.y: warning: shift/reduce conflict on token TOK_CROSS [-Wcounterexamples]
  Example: EXPR TOK_ADD EXPR . TOK_CROSS EXPR
  Shift derivation
    EXPR
    `-> 9: EXPR TOK_ADD EXPR
                        `-> 15: EXPR . TOK_CROSS EXPR
  Reduce derivation
    EXPR
    `-> 15: EXPR                       TOK_CROSS EXPR
            `-> 9: EXPR TOK_ADD EXPR .
lang.y: warning: shift/reduce conflict on token TOK_ASSIGN [-Wcounterexamples]
  Example: EXPR TOK_ADD EXPR . TOK_ASSIGN EXPR
  Shift derivation
    EXPR
    `-> 9: EXPR TOK_ADD EXPR
                        `-> 23: EXPR . TOK_ASSIGN EXPR
  Reduce derivation
    EXPR
    `-> 23: EXPR                       TOK_ASSIGN EXPR
            `-> 9: EXPR TOK_ADD EXPR .
lang.y: warning: shift/reduce conflict on token TOK_CROSS [-Wcounterexamples]
  Example: EXPR TOK_SUB EXPR . TOK_CROSS EXPR
  Shift derivation
    EXPR
    `-> 10: EXPR TOK_SUB EXPR
                         `-> 15: EXPR . TOK_CROSS EXPR
  Reduce derivation
    EXPR
    `-> 15: EXPR                        TOK_CROSS EXPR
            `-> 10: EXPR TOK_SUB EXPR .
lang.y: warning: shift/reduce conflict on token TOK_ASSIGN [-Wcounterexamples]
  Example: EXPR TOK_SUB EXPR . TOK_ASSIGN EXPR
  Shift derivation
    EXPR
    `-> 10: EXPR TOK_SUB EXPR
                         `-> 23: EXPR . TOK_ASSIGN EXPR
  Reduce derivation
    EXPR
    `-> 23: EXPR                        TOK_ASSIGN EXPR
            `-> 10: EXPR TOK_SUB EXPR .
lang.y: warning: shift/reduce conflict on token TOK_CROSS [-Wcounterexamples]
  Example: EXPR TOK_MUL EXPR . TOK_CROSS EXPR
  Shift derivation
    EXPR
    `-> 11: EXPR TOK_MUL EXPR
                         `-> 15: EXPR . TOK_CROSS EXPR
  Reduce derivation
    EXPR
    `-> 15: EXPR                        TOK_CROSS EXPR
            `-> 11: EXPR TOK_MUL EXPR .
lang.y: warning: shift/reduce conflict on token TOK_ASSIGN [-Wcounterexamples]
  Example: EXPR TOK_MUL EXPR . TOK_ASSIGN EXPR
  Shift derivation
    EXPR
    `-> 11: EXPR TOK_MUL EXPR
                         `-> 23: EXPR . TOK_ASSIGN EXPR
  Reduce derivation
    EXPR
    `-> 23: EXPR                        TOK_ASSIGN EXPR
            `-> 11: EXPR TOK_MUL EXPR .
lang.y: warning: shift/reduce conflict on token TOK_CROSS [-Wcounterexamples]
  Example: EXPR TOK_DIV EXPR . TOK_CROSS EXPR
  Shift derivation
    EXPR
    `-> 12: EXPR TOK_DIV EXPR
                         `-> 15: EXPR . TOK_CROSS EXPR
  Reduce derivation
    EXPR
    `-> 15: EXPR                        TOK_CROSS EXPR
            `-> 12: EXPR TOK_DIV EXPR .
lang.y: warning: shift/reduce conflict on token TOK_ASSIGN [-Wcounterexamples]
  Example: EXPR TOK_DIV EXPR . TOK_ASSIGN EXPR
  Shift derivation
    EXPR
    `-> 12: EXPR TOK_DIV EXPR
                         `-> 23: EXPR . TOK_ASSIGN EXPR
  Reduce derivation
    EXPR
    `-> 23: EXPR                        TOK_ASSIGN EXPR
            `-> 12: EXPR TOK_DIV EXPR .
lang.y: warning: shift/reduce conflict on token TOK_CROSS [-Wcounterexamples]
  Example: EXPR TOK_MOD EXPR . TOK_CROSS EXPR
  Shift derivation
    EXPR
    `-> 13: EXPR TOK_MOD EXPR
                         `-> 15: EXPR . TOK_CROSS EXPR
  Reduce derivation
    EXPR
    `-> 15: EXPR                        TOK_CROSS EXPR
            `-> 13: EXPR TOK_MOD EXPR .
lang.y: warning: shift/reduce conflict on token TOK_ASSIGN [-Wcounterexamples]
  Example: EXPR TOK_MOD EXPR . TOK_ASSIGN EXPR
  Shift derivation
    EXPR
    `-> 13: EXPR TOK_MOD EXPR
                         `-> 23: EXPR . TOK_ASSIGN EXPR
  Reduce derivation
    EXPR
    `-> 23: EXPR                        TOK_ASSIGN EXPR
            `-> 13: EXPR TOK_MOD EXPR .
lang.y: warning: shift/reduce conflict on token TOK_CROSS [-Wcounterexamples]
  Example: EXPR TOK_XOR EXPR . TOK_CROSS EXPR
  Shift derivation
    EXPR
    `-> 14: EXPR TOK_XOR EXPR
                         `-> 15: EXPR . TOK_CROSS EXPR
  Reduce derivation
    EXPR
    `-> 15: EXPR                        TOK_CROSS EXPR
            `-> 14: EXPR TOK_XOR EXPR .
lang.y: warning: shift/reduce conflict on token TOK_ASSIGN [-Wcounterexamples]
  Example: EXPR TOK_XOR EXPR . TOK_ASSIGN EXPR
  Shift derivation
    EXPR
    `-> 14: EXPR TOK_XOR EXPR
                         `-> 23: EXPR . TOK_ASSIGN EXPR
  Reduce derivation
    EXPR
    `-> 23: EXPR                        TOK_ASSIGN EXPR
            `-> 14: EXPR TOK_XOR EXPR .
lang.y: warning: shift/reduce conflict on token TOK_ADD [-Wcounterexamples]
  Example: EXPR TOK_CROSS EXPR . TOK_ADD EXPR
  Shift derivation
    EXPR
    `-> 15: EXPR TOK_CROSS EXPR
                           `-> 9: EXPR . TOK_ADD EXPR
  Reduce derivation
    EXPR
    `-> 9: EXPR                          TOK_ADD EXPR
           `-> 15: EXPR TOK_CROSS EXPR .
lang.y: warning: shift/reduce conflict on token TOK_SUB [-Wcounterexamples]
  Example: EXPR TOK_CROSS EXPR . TOK_SUB EXPR
  Shift derivation
    EXPR
    `-> 15: EXPR TOK_CROSS EXPR
                           `-> 10: EXPR . TOK_SUB EXPR
  Reduce derivation
    EXPR
    `-> 10: EXPR                          TOK_SUB EXPR
            `-> 15: EXPR TOK_CROSS EXPR .
lang.y: warning: shift/reduce conflict on token TOK_MUL [-Wcounterexamples]
  Example: EXPR TOK_CROSS EXPR . TOK_MUL EXPR
  Shift derivation
    EXPR
    `-> 15: EXPR TOK_CROSS EXPR
                           `-> 11: EXPR . TOK_MUL EXPR
  Reduce derivation
    EXPR
    `-> 11: EXPR                          TOK_MUL EXPR
            `-> 15: EXPR TOK_CROSS EXPR .
lang.y: warning: shift/reduce conflict on token TOK_DIV [-Wcounterexamples]
  Example: EXPR TOK_CROSS EXPR . TOK_DIV EXPR
  Shift derivation
    EXPR
    `-> 15: EXPR TOK_CROSS EXPR
                           `-> 12: EXPR . TOK_DIV EXPR
  Reduce derivation
    EXPR
    `-> 12: EXPR                          TOK_DIV EXPR
            `-> 15: EXPR TOK_CROSS EXPR .
lang.y: warning: shift/reduce conflict on token TOK_MOD [-Wcounterexamples]
  Example: EXPR TOK_CROSS EXPR . TOK_MOD EXPR
  Shift derivation
    EXPR
    `-> 15: EXPR TOK_CROSS EXPR
                           `-> 13: EXPR . TOK_MOD EXPR
  Reduce derivation
    EXPR
    `-> 13: EXPR                          TOK_MOD EXPR
            `-> 15: EXPR TOK_CROSS EXPR .
lang.y: warning: shift/reduce conflict on token TOK_XOR [-Wcounterexamples]
  Example: EXPR TOK_CROSS EXPR . TOK_XOR EXPR
  Shift derivation
    EXPR
    `-> 15: EXPR TOK_CROSS EXPR
                           `-> 14: EXPR . TOK_XOR EXPR
  Reduce derivation
    EXPR
    `-> 14: EXPR                          TOK_XOR EXPR
            `-> 15: EXPR TOK_CROSS EXPR .
lang.y: warning: shift/reduce conflict on token TOK_CROSS [-Wcounterexamples]
  Example: EXPR TOK_CROSS EXPR . TOK_CROSS EXPR
  Shift derivation
    EXPR
    `-> 15: EXPR TOK_CROSS EXPR
                           `-> 15: EXPR . TOK_CROSS EXPR
  Reduce derivation
    EXPR
    `-> 15: EXPR                          TOK_CROSS EXPR
            `-> 15: EXPR TOK_CROSS EXPR .
lang.y: warning: shift/reduce conflict on token TOK_EQ [-Wcounterexamples]
  Example: EXPR TOK_CROSS EXPR . TOK_EQ EXPR
  Shift derivation
    EXPR
    `-> 15: EXPR TOK_CROSS EXPR
                           `-> 16: EXPR . TOK_EQ EXPR
  Reduce derivation
    EXPR
    `-> 16: EXPR                          TOK_EQ EXPR
            `-> 15: EXPR TOK_CROSS EXPR .
lang.y: warning: shift/reduce conflict on token TOK_GEQ [-Wcounterexamples]
  Example: EXPR TOK_CROSS EXPR . TOK_GEQ EXPR
  Shift derivation
    EXPR
    `-> 15: EXPR TOK_CROSS EXPR
                           `-> 17: EXPR . TOK_GEQ EXPR
  Reduce derivation
    EXPR
    `-> 17: EXPR                          TOK_GEQ EXPR
            `-> 15: EXPR TOK_CROSS EXPR .
lang.y: warning: shift/reduce conflict on token TOK_LEQ [-Wcounterexamples]
  Example: EXPR TOK_CROSS EXPR . TOK_LEQ EXPR
  Shift derivation
    EXPR
    `-> 15: EXPR TOK_CROSS EXPR
                           `-> 18: EXPR . TOK_LEQ EXPR
  Reduce derivation
    EXPR
    `-> 18: EXPR                          TOK_LEQ EXPR
            `-> 15: EXPR TOK_CROSS EXPR .
lang.y: warning: shift/reduce conflict on token TOK_GT [-Wcounterexamples]
  Example: EXPR TOK_CROSS EXPR . TOK_GT EXPR
  Shift derivation
    EXPR
    `-> 15: EXPR TOK_CROSS EXPR
                           `-> 19: EXPR . TOK_GT EXPR
  Reduce derivation
    EXPR
    `-> 19: EXPR                          TOK_GT EXPR
            `-> 15: EXPR TOK_CROSS EXPR .
lang.y: warning: shift/reduce conflict on token TOK_LT [-Wcounterexamples]
  Example: EXPR TOK_CROSS EXPR . TOK_LT EXPR
  Shift derivation
    EXPR
    `-> 15: EXPR TOK_CROSS EXPR
                           `-> 20: EXPR . TOK_LT EXPR
  Reduce derivation
    EXPR
    `-> 20: EXPR                          TOK_LT EXPR
            `-> 15: EXPR TOK_CROSS EXPR .
lang.y: warning: shift/reduce conflict on token TOK_NEQ [-Wcounterexamples]
  Example: EXPR TOK_CROSS EXPR . TOK_NEQ EXPR
  Shift derivation
    EXPR
    `-> 15: EXPR TOK_CROSS EXPR
                           `-> 21: EXPR . TOK_NEQ EXPR
  Reduce derivation
    EXPR
    `-> 21: EXPR                          TOK_NEQ EXPR
            `-> 15: EXPR TOK_CROSS EXPR .
lang.y: warning: shift/reduce conflict on token TOK_2DOT [-Wcounterexamples]
  Example: EXPR TOK_CROSS EXPR . TOK_2DOT EXPR
  Shift derivation
    EXPR
    `-> 15: EXPR TOK_CROSS EXPR
                           `-> 22: EXPR . TOK_2DOT EXPR
  Reduce derivation
    EXPR
    `-> 22: EXPR                          TOK_2DOT EXPR
            `-> 15: EXPR TOK_CROSS EXPR .
lang.y: warning: shift/reduce conflict on token TOK_ASSIGN [-Wcounterexamples]
  Example: EXPR TOK_CROSS EXPR . TOK_ASSIGN EXPR
  Shift derivation
    EXPR
    `-> 15: EXPR TOK_CROSS EXPR
                           `-> 23: EXPR . TOK_ASSIGN EXPR
  Reduce derivation
    EXPR
    `-> 23: EXPR                          TOK_ASSIGN EXPR
            `-> 15: EXPR TOK_CROSS EXPR .
lang.y: warning: shift/reduce conflict on token TOK_OR [-Wcounterexamples]
  Example: EXPR TOK_CROSS EXPR . TOK_OR EXPR
  Shift derivation
    EXPR
    `-> 15: EXPR TOK_CROSS EXPR
                           `-> 24: EXPR . TOK_OR EXPR
  Reduce derivation
    EXPR
    `-> 24: EXPR                          TOK_OR EXPR
            `-> 15: EXPR TOK_CROSS EXPR .
lang.y: warning: shift/reduce conflict on token TOK_AND [-Wcounterexamples]
  Example: EXPR TOK_CROSS EXPR . TOK_AND EXPR
  Shift derivation
    EXPR
    `-> 15: EXPR TOK_CROSS EXPR
                           `-> 25: EXPR . TOK_AND EXPR
  Reduce derivation
    EXPR
    `-> 25: EXPR                          TOK_AND EXPR
            `-> 15: EXPR TOK_CROSS EXPR .
lang.y: warning: shift/reduce conflict on token TOK_CROSS [-Wcounterexamples]
  Example: EXPR TOK_EQ EXPR . TOK_CROSS EXPR
  Shift derivation
    EXPR
    `-> 16: EXPR TOK_EQ EXPR
                        `-> 15: EXPR . TOK_CROSS EXPR
  Reduce derivation
    EXPR
    `-> 15: EXPR                       TOK_CROSS EXPR
            `-> 16: EXPR TOK_EQ EXPR .
lang.y: warning: shift/reduce conflict on token TOK_ASSIGN [-Wcounterexamples]
  Example: EXPR TOK_EQ EXPR . TOK_ASSIGN EXPR
  Shift derivation
    EXPR
    `-> 16: EXPR TOK_EQ EXPR
                        `-> 23: EXPR . TOK_ASSIGN EXPR
  Reduce derivation
    EXPR
    `-> 23: EXPR                       TOK_ASSIGN EXPR
            `-> 16: EXPR TOK_EQ EXPR .
lang.y: warning: shift/reduce conflict on token TOK_CROSS [-Wcounterexamples]
  Example: EXPR TOK_GEQ EXPR . TOK_CROSS EXPR
  Shift derivation
    EXPR
    `-> 17: EXPR TOK_GEQ EXPR
                         `-> 15: EXPR . TOK_CROSS EXPR
  Reduce derivation
    EXPR
    `-> 15: EXPR                        TOK_CROSS EXPR
            `-> 17: EXPR TOK_GEQ EXPR .
lang.y: warning: shift/reduce conflict on token TOK_ASSIGN [-Wcounterexamples]
  Example: EXPR TOK_GEQ EXPR . TOK_ASSIGN EXPR
  Shift derivation
    EXPR
    `-> 17: EXPR TOK_GEQ EXPR
                         `-> 23: EXPR . TOK_ASSIGN EXPR
  Reduce derivation
    EXPR
    `-> 23: EXPR                        TOK_ASSIGN EXPR
            `-> 17: EXPR TOK_GEQ EXPR .
lang.y: warning: shift/reduce conflict on token TOK_CROSS [-Wcounterexamples]
  Example: EXPR TOK_LEQ EXPR . TOK_CROSS EXPR
  Shift derivation
    EXPR
    `-> 18: EXPR TOK_LEQ EXPR
                         `-> 15: EXPR . TOK_CROSS EXPR
  Reduce derivation
    EXPR
    `-> 15: EXPR                        TOK_CROSS EXPR
            `-> 18: EXPR TOK_LEQ EXPR .
lang.y: warning: shift/reduce conflict on token TOK_ASSIGN [-Wcounterexamples]
  Example: EXPR TOK_LEQ EXPR . TOK_ASSIGN EXPR
  Shift derivation
    EXPR
    `-> 18: EXPR TOK_LEQ EXPR
                         `-> 23: EXPR . TOK_ASSIGN EXPR
  Reduce derivation
    EXPR
    `-> 23: EXPR                        TOK_ASSIGN EXPR
            `-> 18: EXPR TOK_LEQ EXPR .
lang.y: warning: shift/reduce conflict on token TOK_CROSS [-Wcounterexamples]
  Example: EXPR TOK_GT EXPR . TOK_CROSS EXPR
  Shift derivation
    EXPR
    `-> 19: EXPR TOK_GT EXPR
                        `-> 15: EXPR . TOK_CROSS EXPR
  Reduce derivation
    EXPR
    `-> 15: EXPR                       TOK_CROSS EXPR
            `-> 19: EXPR TOK_GT EXPR .
lang.y: warning: shift/reduce conflict on token TOK_ASSIGN [-Wcounterexamples]
  Example: EXPR TOK_GT EXPR . TOK_ASSIGN EXPR
  Shift derivation
    EXPR
    `-> 19: EXPR TOK_GT EXPR
                        `-> 23: EXPR . TOK_ASSIGN EXPR
  Reduce derivation
    EXPR
    `-> 23: EXPR                       TOK_ASSIGN EXPR
            `-> 19: EXPR TOK_GT EXPR .
lang.y: warning: shift/reduce conflict on token TOK_CROSS [-Wcounterexamples]
  Example: EXPR TOK_LT EXPR . TOK_CROSS EXPR
  Shift derivation
    EXPR
    `-> 20: EXPR TOK_LT EXPR
                        `-> 15: EXPR . TOK_CROSS EXPR
  Reduce derivation
    EXPR
    `-> 15: EXPR                       TOK_CROSS EXPR
            `-> 20: EXPR TOK_LT EXPR .
lang.y: warning: shift/reduce conflict on token TOK_ASSIGN [-Wcounterexamples]
  Example: EXPR TOK_LT EXPR . TOK_ASSIGN EXPR
  Shift derivation
    EXPR
    `-> 20: EXPR TOK_LT EXPR
                        `-> 23: EXPR . TOK_ASSIGN EXPR
  Reduce derivation
    EXPR
    `-> 23: EXPR                       TOK_ASSIGN EXPR
            `-> 20: EXPR TOK_LT EXPR .
lang.y: warning: shift/reduce conflict on token TOK_CROSS [-Wcounterexamples]
  Example: EXPR TOK_NEQ EXPR . TOK_CROSS EXPR
  Shift derivation
    EXPR
    `-> 21: EXPR TOK_NEQ EXPR
                         `-> 15: EXPR . TOK_CROSS EXPR
  Reduce derivation
    EXPR
    `-> 15: EXPR                        TOK_CROSS EXPR
            `-> 21: EXPR TOK_NEQ EXPR .
lang.y: warning: shift/reduce conflict on token TOK_ASSIGN [-Wcounterexamples]
  Example: EXPR TOK_NEQ EXPR . TOK_ASSIGN EXPR
  Shift derivation
    EXPR
    `-> 21: EXPR TOK_NEQ EXPR
                         `-> 23: EXPR . TOK_ASSIGN EXPR
  Reduce derivation
    EXPR
    `-> 23: EXPR                        TOK_ASSIGN EXPR
            `-> 21: EXPR TOK_NEQ EXPR .
lang.y: warning: shift/reduce conflict on token TOK_CROSS [-Wcounterexamples]
  Example: EXPR TOK_2DOT EXPR . TOK_CROSS EXPR
  Shift derivation
    EXPR
    `-> 22: EXPR TOK_2DOT EXPR
                          `-> 15: EXPR . TOK_CROSS EXPR
  Reduce derivation
    EXPR
    `-> 15: EXPR                         TOK_CROSS EXPR
            `-> 22: EXPR TOK_2DOT EXPR .
lang.y: warning: shift/reduce conflict on token TOK_ASSIGN [-Wcounterexamples]
  Example: EXPR TOK_2DOT EXPR . TOK_ASSIGN EXPR
  Shift derivation
    EXPR
    `-> 22: EXPR TOK_2DOT EXPR
                          `-> 23: EXPR . TOK_ASSIGN EXPR
  Reduce derivation
    EXPR
    `-> 23: EXPR                         TOK_ASSIGN EXPR
            `-> 22: EXPR TOK_2DOT EXPR .
lang.y: warning: shift/reduce conflict on token TOK_ADD [-Wcounterexamples]
  Example: EXPR TOK_ASSIGN EXPR . TOK_ADD EXPR
  Shift derivation
    EXPR
    `-> 23: EXPR TOK_ASSIGN EXPR
                            `-> 9: EXPR . TOK_ADD EXPR
  Reduce derivation
    EXPR
    `-> 9: EXPR                           TOK_ADD EXPR
           `-> 23: EXPR TOK_ASSIGN EXPR .
lang.y: warning: shift/reduce conflict on token TOK_SUB [-Wcounterexamples]
  Example: EXPR TOK_ASSIGN EXPR . TOK_SUB EXPR
  Shift derivation
    EXPR
    `-> 23: EXPR TOK_ASSIGN EXPR
                            `-> 10: EXPR . TOK_SUB EXPR
  Reduce derivation
    EXPR
    `-> 10: EXPR                           TOK_SUB EXPR
            `-> 23: EXPR TOK_ASSIGN EXPR .
lang.y: warning: shift/reduce conflict on token TOK_MUL [-Wcounterexamples]
  Example: EXPR TOK_ASSIGN EXPR . TOK_MUL EXPR
  Shift derivation
    EXPR
    `-> 23: EXPR TOK_ASSIGN EXPR
                            `-> 11: EXPR . TOK_MUL EXPR
  Reduce derivation
    EXPR
    `-> 11: EXPR                           TOK_MUL EXPR
            `-> 23: EXPR TOK_ASSIGN EXPR .
lang.y: warning: shift/reduce conflict on token TOK_DIV [-Wcounterexamples]
  Example: EXPR TOK_ASSIGN EXPR . TOK_DIV EXPR
  Shift derivation
    EXPR
    `-> 23: EXPR TOK_ASSIGN EXPR
                            `-> 12: EXPR . TOK_DIV EXPR
  Reduce derivation
    EXPR
    `-> 12: EXPR                           TOK_DIV EXPR
            `-> 23: EXPR TOK_ASSIGN EXPR .
lang.y: warning: shift/reduce conflict on token TOK_MOD [-Wcounterexamples]
  Example: EXPR TOK_ASSIGN EXPR . TOK_MOD EXPR
  Shift derivation
    EXPR
    `-> 23: EXPR TOK_ASSIGN EXPR
                            `-> 13: EXPR . TOK_MOD EXPR
  Reduce derivation
    EXPR
    `-> 13: EXPR                           TOK_MOD EXPR
            `-> 23: EXPR TOK_ASSIGN EXPR .
lang.y: warning: shift/reduce conflict on token TOK_XOR [-Wcounterexamples]
  Example: EXPR TOK_ASSIGN EXPR . TOK_XOR EXPR
  Shift derivation
    EXPR
    `-> 23: EXPR TOK_ASSIGN EXPR
                            `-> 14: EXPR . TOK_XOR EXPR
  Reduce derivation
    EXPR
    `-> 14: EXPR                           TOK_XOR EXPR
            `-> 23: EXPR TOK_ASSIGN EXPR .
lang.y: warning: shift/reduce conflict on token TOK_CROSS [-Wcounterexamples]
  Example: EXPR TOK_ASSIGN EXPR . TOK_CROSS EXPR
  Shift derivation
    EXPR
    `-> 23: EXPR TOK_ASSIGN EXPR
                            `-> 15: EXPR . TOK_CROSS EXPR
  Reduce derivation
    EXPR
    `-> 15: EXPR                           TOK_CROSS EXPR
            `-> 23: EXPR TOK_ASSIGN EXPR .
lang.y: warning: shift/reduce conflict on token TOK_EQ [-Wcounterexamples]
  Example: EXPR TOK_ASSIGN EXPR . TOK_EQ EXPR
  Shift derivation
    EXPR
    `-> 23: EXPR TOK_ASSIGN EXPR
                            `-> 16: EXPR . TOK_EQ EXPR
  Reduce derivation
    EXPR
    `-> 16: EXPR                           TOK_EQ EXPR
            `-> 23: EXPR TOK_ASSIGN EXPR .
lang.y: warning: shift/reduce conflict on token TOK_GEQ [-Wcounterexamples]
  Example: EXPR TOK_ASSIGN EXPR . TOK_GEQ EXPR
  Shift derivation
    EXPR
    `-> 23: EXPR TOK_ASSIGN EXPR
                            `-> 17: EXPR . TOK_GEQ EXPR
  Reduce derivation
    EXPR
    `-> 17: EXPR                           TOK_GEQ EXPR
            `-> 23: EXPR TOK_ASSIGN EXPR .
lang.y: warning: shift/reduce conflict on token TOK_LEQ [-Wcounterexamples]
  Example: EXPR TOK_ASSIGN EXPR . TOK_LEQ EXPR
  Shift derivation
    EXPR
    `-> 23: EXPR TOK_ASSIGN EXPR
                            `-> 18: EXPR . TOK_LEQ EXPR
  Reduce derivation
    EXPR
    `-> 18: EXPR                           TOK_LEQ EXPR
            `-> 23: EXPR TOK_ASSIGN EXPR .
lang.y: warning: shift/reduce conflict on token TOK_GT [-Wcounterexamples]
  Example: EXPR TOK_ASSIGN EXPR . TOK_GT EXPR
  Shift derivation
    EXPR
    `-> 23: EXPR TOK_ASSIGN EXPR
                            `-> 19: EXPR . TOK_GT EXPR
  Reduce derivation
    EXPR
    `-> 19: EXPR                           TOK_GT EXPR
            `-> 23: EXPR TOK_ASSIGN EXPR .
lang.y: warning: shift/reduce conflict on token TOK_LT [-Wcounterexamples]
  Example: EXPR TOK_ASSIGN EXPR . TOK_LT EXPR
  Shift derivation
    EXPR
    `-> 23: EXPR TOK_ASSIGN EXPR
                            `-> 20: EXPR . TOK_LT EXPR
  Reduce derivation
    EXPR
    `-> 20: EXPR                           TOK_LT EXPR
            `-> 23: EXPR TOK_ASSIGN EXPR .
lang.y: warning: shift/reduce conflict on token TOK_NEQ [-Wcounterexamples]
  Example: EXPR TOK_ASSIGN EXPR . TOK_NEQ EXPR
  Shift derivation
    EXPR
    `-> 23: EXPR TOK_ASSIGN EXPR
                            `-> 21: EXPR . TOK_NEQ EXPR
  Reduce derivation
    EXPR
    `-> 21: EXPR                           TOK_NEQ EXPR
            `-> 23: EXPR TOK_ASSIGN EXPR .
lang.y: warning: shift/reduce conflict on token TOK_2DOT [-Wcounterexamples]
  Example: EXPR TOK_ASSIGN EXPR . TOK_2DOT EXPR
  Shift derivation
    EXPR
    `-> 23: EXPR TOK_ASSIGN EXPR
                            `-> 22: EXPR . TOK_2DOT EXPR
  Reduce derivation
    EXPR
    `-> 22: EXPR                           TOK_2DOT EXPR
            `-> 23: EXPR TOK_ASSIGN EXPR .
lang.y: warning: shift/reduce conflict on token TOK_ASSIGN [-Wcounterexamples]
  Example: EXPR TOK_ASSIGN EXPR . TOK_ASSIGN EXPR
  Shift derivation
    EXPR
    `-> 23: EXPR TOK_ASSIGN EXPR
                            `-> 23: EXPR . TOK_ASSIGN EXPR
  Reduce derivation
    EXPR
    `-> 23: EXPR                           TOK_ASSIGN EXPR
            `-> 23: EXPR TOK_ASSIGN EXPR .
lang.y: warning: shift/reduce conflict on token TOK_OR [-Wcounterexamples]
  Example: EXPR TOK_ASSIGN EXPR . TOK_OR EXPR
  Shift derivation
    EXPR
    `-> 23: EXPR TOK_ASSIGN EXPR
                            `-> 24: EXPR . TOK_OR EXPR
  Reduce derivation
    EXPR
    `-> 24: EXPR                           TOK_OR EXPR
            `-> 23: EXPR TOK_ASSIGN EXPR .
lang.y: warning: shift/reduce conflict on token TOK_AND [-Wcounterexamples]
  Example: EXPR TOK_ASSIGN EXPR . TOK_AND EXPR
  Shift derivation
    EXPR
    `-> 23: EXPR TOK_ASSIGN EXPR
                            `-> 25: EXPR . TOK_AND EXPR
  Reduce derivation
    EXPR
    `-> 25: EXPR                           TOK_AND EXPR
            `-> 23: EXPR TOK_ASSIGN EXPR .
lang.y: warning: shift/reduce conflict on token TOK_CROSS [-Wcounterexamples]
  Example: EXPR TOK_AND EXPR . TOK_CROSS EXPR
  Shift derivation
    EXPR
    `-> 25: EXPR TOK_AND EXPR
                         `-> 15: EXPR . TOK_CROSS EXPR
  Reduce derivation
    EXPR
    `-> 15: EXPR                        TOK_CROSS EXPR
            `-> 25: EXPR TOK_AND EXPR .
lang.y: warning: shift/reduce conflict on token TOK_ASSIGN [-Wcounterexamples]
  Example: EXPR TOK_AND EXPR . TOK_ASSIGN EXPR
  Shift derivation
    EXPR
    `-> 25: EXPR TOK_AND EXPR
                         `-> 23: EXPR . TOK_ASSIGN EXPR
  Reduce derivation
    EXPR
    `-> 23: EXPR                        TOK_ASSIGN EXPR
            `-> 25: EXPR TOK_AND EXPR .
lang.y: warning: shift/reduce conflict on token TOK_CROSS [-Wcounterexamples]
  Example: EXPR TOK_OR EXPR . TOK_CROSS EXPR
  Shift derivation
    EXPR
    `-> 24: EXPR TOK_OR EXPR
                        `-> 15: EXPR . TOK_CROSS EXPR
  Reduce derivation
    EXPR
    `-> 15: EXPR                       TOK_CROSS EXPR
            `-> 24: EXPR TOK_OR EXPR .
lang.y: warning: shift/reduce conflict on token TOK_ASSIGN [-Wcounterexamples]
  Example: EXPR TOK_OR EXPR . TOK_ASSIGN EXPR
  Shift derivation
    EXPR
    `-> 24: EXPR TOK_OR EXPR
                        `-> 23: EXPR . TOK_ASSIGN EXPR
  Reduce derivation
    EXPR
    `-> 23: EXPR                       TOK_ASSIGN EXPR
            `-> 24: EXPR TOK_OR EXPR .
